<?xml version="1.0" encoding="UTF-8" ?>
<testsuite tests="8" failures="0" name="cn.bobdeng.tenant.domain.TenantServiceImplTest" time="0.485" errors="0" skipped="0">
  <properties>
[...]
</properties>
  <testcase classname="cn.bobdeng.tenant.domain.TenantServiceImplTest" name="renewContact" time="0.48"/>
  <testcase classname="cn.bobdeng.tenant.domain.TenantServiceImplTest" name="addTenant_same_name" time="0.001"/>
  <testcase classname="cn.bobdeng.tenant.domain.TenantServiceImplTest" name="stopContact" time="0.002"/>
  <testcase classname="cn.bobdeng.tenant.domain.TenantServiceImplTest" name="addTenant_empty_mobile" time="0"/>
  <testcase classname="cn.bobdeng.tenant.domain.TenantServiceImplTest" name="addTenant" time="0.001"/>
  <testcase classname="cn.bobdeng.tenant.domain.TenantServiceImplTest" name="newContact_repeat" time="0"/>
  <testcase classname="cn.bobdeng.tenant.domain.TenantServiceImplTest" name="addTenant_null_mobile" time="0.001"/>
  <testcase classname="cn.bobdeng.tenant.domain.TenantServiceImplTest" name="newContact" time="0"/>
</testsuite>